0 info it worked if it ends with ok
1 verbose cli [ 'node', '/usr/local/bin/npm', 'link' ]
2 info using npm@1.3.9
3 info using node@v0.10.17
4 verbose node symlink /usr/local/bin/node
5 verbose linkPkg /Users/juan_mini/git/piggie
6 verbose link build target /usr/local/lib/node_modules/overture
7 verbose install where,what [ '/Users/juan_mini/git/piggie', [] ]
8 verbose readDependencies using package.json deps
9 verbose install where, deps [ '/Users/juan_mini/git/piggie',
9 verbose install   [ 'request', 'jasmine', 'jasmine-node' ] ]
10 info preinstall overture@0.0.1
11 verbose readDependencies using package.json deps
12 verbose already installed skipping jasmine-node@1.4.0 /Users/juan_mini/git/piggie
13 verbose already installed skipping request@* /Users/juan_mini/git/piggie
14 verbose cache add [ 'jasmine@*', null ]
15 verbose cache add name=undefined spec="jasmine@*" args=["jasmine@*",null]
16 verbose parsed url { protocol: null,
16 verbose parsed url   slashes: null,
16 verbose parsed url   auth: null,
16 verbose parsed url   host: null,
16 verbose parsed url   port: null,
16 verbose parsed url   hostname: null,
16 verbose parsed url   hash: null,
16 verbose parsed url   search: null,
16 verbose parsed url   query: null,
16 verbose parsed url   pathname: 'jasmine@*',
16 verbose parsed url   path: 'jasmine@*',
16 verbose parsed url   href: 'jasmine@*' }
17 verbose cache add name="jasmine" spec="*" args=["jasmine","*"]
18 verbose parsed url { protocol: null,
18 verbose parsed url   slashes: null,
18 verbose parsed url   auth: null,
18 verbose parsed url   host: null,
18 verbose parsed url   port: null,
18 verbose parsed url   hostname: null,
18 verbose parsed url   hash: null,
18 verbose parsed url   search: null,
18 verbose parsed url   query: null,
18 verbose parsed url   pathname: '*',
18 verbose parsed url   path: '*',
18 verbose parsed url   href: '*' }
19 verbose addNamed [ 'jasmine', '*' ]
20 verbose addNamed [ null, '*' ]
21 silly lockFile 0371874c-jasmine jasmine@*
22 verbose lock jasmine@* /Users/juan_mini/.npm/0371874c-jasmine.lock
23 silly addNameRange { name: 'jasmine', range: '*', hasData: false }
24 verbose url raw jasmine
25 verbose url resolving [ 'https://registry.npmjs.org/', './jasmine' ]
26 verbose url resolved https://registry.npmjs.org/jasmine
27 info trying registry request attempt 1 at 20:51:12
28 http GET https://registry.npmjs.org/jasmine
29 http 404 https://registry.npmjs.org/jasmine
30 silly registry.get cb [ 404,
30 silly registry.get   { server: 'CouchDB/1.3.1 (Erlang OTP/R15B03)',
30 silly registry.get     date: 'Wed, 04 Sep 2013 18:51:13 GMT',
30 silly registry.get     'content-type': 'application/json',
30 silly registry.get     'content-length': '52',
30 silly registry.get     'cache-control': 'must-revalidate' } ]
31 silly lockFile 0371874c-jasmine jasmine@*
32 silly lockFile 0371874c-jasmine jasmine@*
33 error 404 'jasmine' is not in the npm registry.
33 error 404 You should bug the author to publish it
33 error 404
33 error 404 Note that you can also install from a
33 error 404 tarball, folder, or http url, or git url.
34 error System Darwin 11.4.2
35 error command "node" "/usr/local/bin/npm" "link"
36 error cwd /Users/juan_mini/git/piggie
37 error node -v v0.10.17
38 error npm -v 1.3.9
39 error code E404
40 verbose exit [ 1, true ]
